<?xml version="1.0" encoding="UTF-8"?>
<testng-results skipped="0" failed="0" ignored="0" total="1" passed="1">
  <reporter-output>
  </reporter-output>
  <suite name="Suite" duration-ms="8294" started-at="2018-08-21T11:12:05Z" finished-at="2018-08-21T11:12:13Z">
    <groups>
    </groups>
    <test name="Test" duration-ms="8294" started-at="2018-08-21T11:12:05Z" finished-at="2018-08-21T11:12:13Z">
      <class name="Bingo.Test.NewTest">
        <test-method status="PASS" signature="createDriver()[pri:0, instance:Bingo.Test.NewTest@10d59286]" name="createDriver" is-config="true" duration-ms="3259" started-at="2018-08-21T19:12:05Z" finished-at="2018-08-21T19:12:08Z">
          <reporter-output>
          </reporter-output>
        </test-method> <!-- createDriver -->
        <test-method status="PASS" signature="testGoogleSearch()[pri:0, instance:Bingo.Test.NewTest@10d59286]" name="testGoogleSearch" duration-ms="4197" started-at="2018-08-21T19:12:08Z" finished-at="2018-08-21T19:12:12Z">
          <reporter-output>
          </reporter-output>
        </test-method> <!-- testGoogleSearch -->
        <test-method status="PASS" signature="quitDriver()[pri:0, instance:Bingo.Test.NewTest@10d59286]" name="quitDriver" is-config="true" duration-ms="824" started-at="2018-08-21T19:12:12Z" finished-at="2018-08-21T19:12:13Z">
          <reporter-output>
          </reporter-output>
        </test-method> <!-- quitDriver -->
      </class> <!-- Bingo.Test.NewTest -->
    </test> <!-- Test -->
  </suite> <!-- Suite -->
</testng-results>
